# JRE version: OpenJDK Runtime Environment (11.0.2+9) (build 11.0.2+9)
# Java VM: OpenJDK 64-Bit Server VM (11.0.2+9, mixed mode, tiered, compressed oops, g1 gc, windows-amd64)
Heap:
 garbage-first heap   total 343040K, used 246784K [0x0000000080000000, 0x0000000100000000)
  region size 1024K, 5 young (5120K), 4 survivors (4096K)
 Metaspace       used 127425K, capacity 131197K, committed 131280K, reserved 630784K
  class space    used 16549K, capacity 18040K, committed 18048K, reserved 516096K
GC Heap History (10 events):
Event: 77.945 GC heap before
{Heap before GC invocations=93 (full 0):
 garbage-first heap   total 285696K, used 216782K [0x0000000080000000, 0x0000000100000000)
  region size 1024K, 31 young (31744K), 3 survivors (3072K)
 Metaspace       used 126499K, capacity 130250K, committed 130384K, reserved 628736K
  class space    used 16421K, capacity 17879K, committed 17920K, reserved 516096K
}
Event: 77.967 GC heap after
{Heap after GC invocations=94 (full 0):
 garbage-first heap   total 285696K, used 203037K [0x0000000080000000, 0x0000000100000000)
  region size 1024K, 4 young (4096K), 4 survivors (4096K)
 Metaspace       used 126499K, capacity 130250K, committed 130384K, reserved 628736K
  class space    used 16421K, capacity 17879K, committed 17920K, reserved 516096K
}
Event: 78.036 GC heap before
{Heap before GC invocations=94 (full 0):
 garbage-first heap   total 285696K, used 225565K [0x0000000080000000, 0x0000000100000000)
  region size 1024K, 27 young (27648K), 4 survivors (4096K)
 Metaspace       used 126514K, capacity 130254K, committed 130384K, reserved 628736K
  class space    used 16421K, capacity 17879K, committed 17920K, reserved 516096K
}
Event: 78.051 GC heap after
{Heap after GC invocations=95 (full 0):
 garbage-first heap   total 285696K, used 215293K [0x0000000080000000, 0x0000000100000000)
  region size 1024K, 4 young (4096K), 4 survivors (4096K)
 Metaspace       used 126514K, capacity 130254K, committed 130384K, reserved 628736K
  class space    used 16421K, capacity 17879K, committed 17920K, reserved 516096K
}
Event: 78.108 GC heap before
{Heap before GC invocations=95 (full 0):
 garbage-first heap   total 285696K, used 233725K [0x0000000080000000, 0x0000000100000000)
  region size 1024K, 22 young (22528K), 4 survivors (4096K)
 Metaspace       used 126520K, capacity 130255K, committed 130384K, reserved 628736K
  class space    used 16421K, capacity 17879K, committed 17920K, reserved 516096K
}
Event: 78.123 GC heap after
{Heap after GC invocations=96 (full 0):
 garbage-first heap   total 285696K, used 225091K [0x0000000080000000, 0x0000000100000000)
  region size 1024K, 3 young (3072K), 3 survivors (3072K)
 Metaspace       used 126520K, capacity 130255K, committed 130384K, reserved 628736K
  class space    used 16421K, capacity 17879K, committed 17920K, reserved 516096K
}
Event: 78.154 GC heap before
{Heap before GC invocations=96 (full 0):
 garbage-first heap   total 285696K, used 238403K [0x0000000080000000, 0x0000000100000000)
  region size 1024K, 17 young (17408K), 3 survivors (3072K)
 Metaspace       used 126523K, capacity 130255K, committed 130384K, reserved 628736K
  class space    used 16421K, capacity 17879K, committed 17920K, reserved 516096K
}
Event: 78.303 GC heap after
{Heap after GC invocations=97 (full 0):
 garbage-first heap   total 343040K, used 233218K [0x0000000080000000, 0x0000000100000000)
  region size 1024K, 3 young (3072K), 3 survivors (3072K)
 Metaspace       used 126523K, capacity 130255K, committed 130384K, reserved 628736K
  class space    used 16421K, capacity 17879K, committed 17920K, reserved 516096K
}
Event: 78.615 GC heap before
{Heap before GC invocations=97 (full 0):
 garbage-first heap   total 343040K, used 260866K [0x0000000080000000, 0x0000000100000000)
  region size 1024K, 31 young (31744K), 3 survivors (3072K)
 Metaspace       used 127268K, capacity 131008K, committed 131280K, reserved 630784K
  class space    used 16527K, capacity 18000K, committed 18048K, reserved 516096K
}
Event: 78.666 GC heap after
{Heap after GC invocations=98 (full 0):
 garbage-first heap   total 343040K, used 246784K [0x0000000080000000, 0x0000000100000000)
  region size 1024K, 4 young (4096K), 4 survivors (4096K)
 Metaspace       used 127268K, capacity 131008K, committed 131280K, reserved 630784K
  class space    used 16527K, capacity 18000K, committed 18048K, reserved 516096K
}

